


ARM Macro Assembler    Page 1 


    1 00000000                 PRESERVE8
    2 00000000                 IMPORT           TC1
    3 00000000                 AREA             HUIC,CODE ,READONLY
    4 00000000                 ENTRY
    5 00000000 E59FD02C        LDR              SP,=0X40000400 ;???????
    6 00000004 E3A00001        MOV              R0,#1
    7 00000008 E3A01002        MOV              R1,#2
    8 0000000C E3A02003        MOV              R2,#3
    9 00000010 E3A03004        MOV              R3,#4
   10 00000014 E52DE004        STR              LR, [SP, #-4]!
   11 00000018 E3A04006        MOV              R4,#6
   12 0000001C E52D4004        STR              R4, [SP, #-4]! ;??6??
   13 00000020 E3A04005        MOV              R4,#5
   14 00000024 E52D4004        STR              R4, [SP, #-4]! ;??5??
   15 00000028 EBFFFFFE        BL               TC1         ;??C?????
   16 0000002C E28DD008        ADD              SP,SP,#8    ;??????,????LR?????
                                                            ??
   17 00000030 E49DF004        LDR              PC, [SP], #4 ;???LR?????????,?0
                                                            x0??????
   18 00000034         
   19 00000034                 END
              40000400 
Command Line: --debug --xref --cpu=ARM920T --apcs=interwork --depend=.\lab2-2.d
 -o.\lab2-2.o -ID:\KeilV4\ARM\RV31\INC -ID:\KeilV4\ARM\CMSIS\Include -ID:\KeilV
4\ARM\Inc\Samsung --list=.\lab2-2.lst lab2-2.s



ARM Macro Assembler    Page 1 Alphabetic symbol ordering
Relocatable symbols

HUIC 00000000

Symbol: HUIC
   Definitions
      At line 3 in file lab2-2.s
   Uses
      None
Comment: HUIC unused
1 symbol



ARM Macro Assembler    Page 1 Alphabetic symbol ordering
External symbols

TC1 00000000

Symbol: TC1
   Definitions
      At line 2 in file lab2-2.s
   Uses
      At line 15 in file lab2-2.s
Comment: TC1 used once
1 symbol
334 symbols in table
