


ARM Macro Assembler    Page 1 


    1 00000000                 AREA             SORT,CODE,READONLY ;???????
    2 00000000                 ENTRY
    3 00000000 E3A00006        MOV              R0,#6       ;??????,???
    4 00000004 E3A02101        LDR              R2,=0x40000000 ;R2??????????
    5 00000008 E2401001        SUB              R1,R0,#1
    6 0000000C E3A04004        MOV              R4,#4
    7 00000010 E0232491        MLA              R3,R1,R4,R2 ;R3?????????? R3=R1
                                                            *R4+R2
    8 00000014 E2434004        SUB              R4,R3,#4    ;R4???????????????
    9 00000018 E1A05002 
                       LOOP1   MOV              R5,R2       ;??R5=R2
   10 0000001C E5956000 
                       LOOP2   LDR              R6,[R5]
   11 00000020 E5957004        LDR              R7,[R5,#4]
   12 00000024 E1560007        CMP              R6,R7       ;????,??????
   13 00000028 85856004        STRHI            R6,[R5,#4]  ;?R6????R5+4????,??
                                                            R6>R7
   14 0000002C 85857000        STRHI            R7,[R5]
   15 00000030 E2855004        ADD              R5,R5,#4    ;???????
   16 00000034 E1550004        CMP              R5,R4       ;???????
   17 00000038 9AFFFFF7        BLS              LOOP2       ;???????,??????????
                                                            ??R3
   18 0000003C E2433004        SUB              R3,R3,#4    ;?????????
   19 00000040 E2444004        SUB              R4,R4,#4
   20 00000044 E1520003        CMP              R2,R3       ;???????
   21 00000048 9AFFFFF2        BLS              LOOP1
   22 0000004C         
   23 0000004C E0244004        EOR              R4,R4,R4
   24 00000050 E0255005        EOR              R5,R5,R5    ;R4?R5??????,????
   25 00000054 E3A02111        LDR              R2,=0x40000004 ;???????????,???
                                                            ?2????
   26 00000058 E2401002        SUB              R1,R0,#2    ;R1???????
   27 0000005C E5926000 
                       LOOP3   LDR              R6,[R2]
   28 00000060 E0944006        ADDS             R4,R4,R6
   29 00000064 E2A55000        ADC              R5,R5,#0
   30 00000068 E2822004        ADD              R2,R2,#4
   31 0000006C E2411001        SUB              R1,R1,#1    ;?????
   32 00000070 E3510000        CMP              R1,#0
   33 00000074 1AFFFFF8        BNE              LOOP3
   34 00000078 E1A01000        MOV              R1,R0       ;R1???????
   35 0000007C E2411002        SUB              R1,R1,#2    ;R2???????
   36 00000080 E1A010A1        MOV              R1,R1,LSR #1 ;?????????
   37 00000084 E328F000 
                       LOOP4   MSR              CPSR_F,#0
   38 00000088 E1A05065        MOV              R5,R5,RRX
   39 0000008C E1A04064        MOV              R4,R4,RRX
   40 00000090 E2411001        SUB              R1,R1,#1
   41 00000094 E3510000        CMP              R1,#0
   42 00000098 1AFFFFF9        BNE              LOOP4
   43 0000009C E1A01004        MOV              R1,R4       ;????????R1?
   44 000000A0 E3A00064        MOV              R0,#100     ;??????????
   45 000000A4                 END
Command Line: --debug --xref --cpu=ARM920T --apcs=interwork --depend=.\lab3-2.d
 -o.\lab3-2.o -ID:\KeilV4\ARM\RV31\INC -ID:\KeilV4\ARM\CMSIS\Include -ID:\KeilV
4\ARM\Inc\Samsung --list=.\lab3-2.lst lab3-2.s



ARM Macro Assembler    Page 1 Alphabetic symbol ordering
Relocatable symbols

LOOP1 00000018

Symbol: LOOP1
   Definitions
      At line 9 in file lab3-2.s
   Uses
      At line 21 in file lab3-2.s
Comment: LOOP1 used once
LOOP2 0000001C

Symbol: LOOP2
   Definitions
      At line 10 in file lab3-2.s
   Uses
      At line 17 in file lab3-2.s
Comment: LOOP2 used once
LOOP3 0000005C

Symbol: LOOP3
   Definitions
      At line 27 in file lab3-2.s
   Uses
      At line 33 in file lab3-2.s
Comment: LOOP3 used once
LOOP4 00000084

Symbol: LOOP4
   Definitions
      At line 37 in file lab3-2.s
   Uses
      At line 42 in file lab3-2.s
Comment: LOOP4 used once
SORT 00000000

Symbol: SORT
   Definitions
      At line 1 in file lab3-2.s
   Uses
      None
Comment: SORT unused
5 symbols
335 symbols in table
